[0.288s] DEBUG:colcon:Command line arguments: ['/usr/bin/colcon', 'build']
[0.288s] DEBUG:colcon:Parsed command line arguments: Namespace(log_base=None, log_level=None, verb_name='build', build_base='build', install_base='install', merge_install=False, symlink_install=False, test_result_base=None, continue_on_error=False, executor='parallel', parallel_workers=12, event_handlers=None, ignore_user_meta=False, metas=['./colcon.meta'], base_paths=['.'], packages_ignore=None, packages_ignore_regex=None, paths=None, packages_up_to=None, packages_up_to_regex=None, packages_above=None, packages_above_and_dependencies=None, packages_above_depth=None, packages_select_by_dep=None, packages_skip_by_dep=None, packages_skip_up_to=None, packages_select_build_failed=False, packages_skip_build_finished=False, packages_select_test_failures=False, packages_skip_test_passed=False, packages_select=None, packages_skip=None, packages_select_regex=None, packages_skip_regex=None, packages_start=None, packages_end=None, allow_overriding=[], cmake_args=None, cmake_target=None, cmake_target_skip_unavailable=False, cmake_clean_cache=False, cmake_clean_first=False, cmake_force_configure=False, ament_cmake_args=None, catkin_cmake_args=None, catkin_skip_building_tests=False, mixin_files=None, mixin=None, verb_parser=<colcon_mixin.mixin.mixin_argument.MixinArgumentDecorator object at 0x7f7359e176d0>, verb_extension=<colcon_core.verb.build.BuildVerb object at 0x7f7359e171f0>, main=<bound method BuildVerb.main of <colcon_core.verb.build.BuildVerb object at 0x7f7359e171f0>>, mixin_verb=('build',))
[0.693s] Level 1:colcon.colcon_core.package_discovery:discover_packages(colcon_meta) check parameters
[0.694s] Level 1:colcon.colcon_core.package_discovery:discover_packages(recursive) check parameters
[0.694s] Level 1:colcon.colcon_core.package_discovery:discover_packages(ignore) check parameters
[0.694s] Level 1:colcon.colcon_core.package_discovery:discover_packages(path) check parameters
[0.694s] Level 1:colcon.colcon_core.package_discovery:discover_packages(colcon_meta) discover
[0.695s] Level 1:colcon.colcon_core.package_discovery:discover_packages(recursive) discover
[0.695s] INFO:colcon.colcon_core.package_discovery:Crawling recursively for packages in '/mnt/c/Users/luism/Documents/Ubuntu/car/workspace'
[0.696s] Level 1:colcon.colcon_core.package_identification:_identify(.) by extensions ['ignore', 'ignore_ament_install']
[0.697s] Level 1:colcon.colcon_core.package_identification:_identify(.) by extension 'ignore'
[0.697s] Level 1:colcon.colcon_core.package_identification:_identify(.) by extension 'ignore_ament_install'
[0.697s] Level 1:colcon.colcon_core.package_identification:_identify(.) by extensions ['colcon_pkg']
[0.698s] Level 1:colcon.colcon_core.package_identification:_identify(.) by extension 'colcon_pkg'
[0.698s] Level 1:colcon.colcon_core.package_identification:_identify(.) by extensions ['colcon_meta']
[0.698s] Level 1:colcon.colcon_core.package_identification:_identify(.) by extension 'colcon_meta'
[0.698s] Level 1:colcon.colcon_core.package_identification:_identify(.) by extensions ['ros']
[0.698s] Level 1:colcon.colcon_core.package_identification:_identify(.) by extension 'ros'
[0.712s] Level 1:colcon.colcon_core.package_identification:_identify(.) by extensions ['cmake', 'python']
[0.712s] Level 1:colcon.colcon_core.package_identification:_identify(.) by extension 'cmake'
[0.713s] Level 1:colcon.colcon_core.package_identification:_identify(.) by extension 'python'
[0.714s] Level 1:colcon.colcon_core.package_identification:_identify(.) by extensions ['python_setup_py']
[0.714s] Level 1:colcon.colcon_core.package_identification:_identify(.) by extension 'python_setup_py'
[0.717s] Level 1:colcon.colcon_core.package_identification:_identify(build) by extensions ['ignore', 'ignore_ament_install']
[0.718s] Level 1:colcon.colcon_core.package_identification:_identify(build) by extension 'ignore'
[0.719s] Level 1:colcon.colcon_core.package_identification:_identify(build) ignored
[0.720s] Level 1:colcon.colcon_core.package_identification:_identify(install) by extensions ['ignore', 'ignore_ament_install']
[0.721s] Level 1:colcon.colcon_core.package_identification:_identify(install) by extension 'ignore'
[0.722s] Level 1:colcon.colcon_core.package_identification:_identify(install) ignored
[0.725s] Level 1:colcon.colcon_core.package_identification:_identify(log) by extensions ['ignore', 'ignore_ament_install']
[0.725s] Level 1:colcon.colcon_core.package_identification:_identify(log) by extension 'ignore'
[0.726s] Level 1:colcon.colcon_core.package_identification:_identify(log) ignored
[0.728s] Level 1:colcon.colcon_core.package_identification:_identify(src) by extensions ['ignore', 'ignore_ament_install']
[0.728s] Level 1:colcon.colcon_core.package_identification:_identify(src) by extension 'ignore'
[0.729s] Level 1:colcon.colcon_core.package_identification:_identify(src) by extension 'ignore_ament_install'
[0.730s] Level 1:colcon.colcon_core.package_identification:_identify(src) by extensions ['colcon_pkg']
[0.730s] Level 1:colcon.colcon_core.package_identification:_identify(src) by extension 'colcon_pkg'
[0.731s] Level 1:colcon.colcon_core.package_identification:_identify(src) by extensions ['colcon_meta']
[0.731s] Level 1:colcon.colcon_core.package_identification:_identify(src) by extension 'colcon_meta'
[0.731s] Level 1:colcon.colcon_core.package_identification:_identify(src) by extensions ['ros']
[0.732s] Level 1:colcon.colcon_core.package_identification:_identify(src) by extension 'ros'
[0.734s] Level 1:colcon.colcon_core.package_identification:_identify(src) by extensions ['cmake', 'python']
[0.735s] Level 1:colcon.colcon_core.package_identification:_identify(src) by extension 'cmake'
[0.735s] Level 1:colcon.colcon_core.package_identification:_identify(src) by extension 'python'
[0.736s] Level 1:colcon.colcon_core.package_identification:_identify(src) by extensions ['python_setup_py']
[0.736s] Level 1:colcon.colcon_core.package_identification:_identify(src) by extension 'python_setup_py'
[0.739s] Level 1:colcon.colcon_core.package_identification:_identify(src/car) by extensions ['ignore', 'ignore_ament_install']
[0.740s] Level 1:colcon.colcon_core.package_identification:_identify(src/car) by extension 'ignore'
[0.741s] Level 1:colcon.colcon_core.package_identification:_identify(src/car) by extension 'ignore_ament_install'
[0.743s] Level 1:colcon.colcon_core.package_identification:_identify(src/car) by extensions ['colcon_pkg']
[0.743s] Level 1:colcon.colcon_core.package_identification:_identify(src/car) by extension 'colcon_pkg'
[0.744s] Level 1:colcon.colcon_core.package_identification:_identify(src/car) by extensions ['colcon_meta']
[0.744s] Level 1:colcon.colcon_core.package_identification:_identify(src/car) by extension 'colcon_meta'
[0.745s] Level 1:colcon.colcon_core.package_identification:_identify(src/car) by extensions ['ros']
[0.746s] Level 1:colcon.colcon_core.package_identification:_identify(src/car) by extension 'ros'
[0.761s] DEBUG:colcon.colcon_core.package_identification:Package 'src/car' with type 'ros.ament_python' and name 'car'
[0.764s] Level 1:colcon.colcon_core.package_identification:_identify(src/car_cpp) by extensions ['ignore', 'ignore_ament_install']
[0.764s] Level 1:colcon.colcon_core.package_identification:_identify(src/car_cpp) by extension 'ignore'
[0.765s] Level 1:colcon.colcon_core.package_identification:_identify(src/car_cpp) by extension 'ignore_ament_install'
[0.768s] Level 1:colcon.colcon_core.package_identification:_identify(src/car_cpp) by extensions ['colcon_pkg']
[0.768s] Level 1:colcon.colcon_core.package_identification:_identify(src/car_cpp) by extension 'colcon_pkg'
[0.769s] Level 1:colcon.colcon_core.package_identification:_identify(src/car_cpp) by extensions ['colcon_meta']
[0.769s] Level 1:colcon.colcon_core.package_identification:_identify(src/car_cpp) by extension 'colcon_meta'
[0.771s] Level 1:colcon.colcon_core.package_identification:_identify(src/car_cpp) by extensions ['ros']
[0.771s] Level 1:colcon.colcon_core.package_identification:_identify(src/car_cpp) by extension 'ros'
[0.781s] DEBUG:colcon.colcon_core.package_identification:Package 'src/car_cpp' with type 'ros.ament_cmake' and name 'car_cpp'
[0.781s] Level 1:colcon.colcon_core.package_discovery:discover_packages(recursive) using defaults
[0.781s] Level 1:colcon.colcon_core.package_discovery:discover_packages(ignore) discover
[0.781s] Level 1:colcon.colcon_core.package_discovery:discover_packages(ignore) using defaults
[0.782s] Level 1:colcon.colcon_core.package_discovery:discover_packages(path) discover
[0.782s] Level 1:colcon.colcon_core.package_discovery:discover_packages(path) using defaults
[0.827s] Level 1:colcon.colcon_core.package_discovery:discover_packages(prefix_path) check parameters
[0.827s] Level 1:colcon.colcon_core.package_discovery:discover_packages(prefix_path) discover
[0.832s] DEBUG:colcon.colcon_installed_package_information.package_discovery:Found 306 installed packages in /opt/ros/humble
[0.833s] Level 1:colcon.colcon_core.package_discovery:discover_packages(prefix_path) using defaults
[0.918s] Level 5:colcon.colcon_core.verb:set package 'car' build argument 'cmake_args' from command line to 'None'
[0.918s] Level 5:colcon.colcon_core.verb:set package 'car' build argument 'cmake_target' from command line to 'None'
[0.918s] Level 5:colcon.colcon_core.verb:set package 'car' build argument 'cmake_target_skip_unavailable' from command line to 'False'
[0.918s] Level 5:colcon.colcon_core.verb:set package 'car' build argument 'cmake_clean_cache' from command line to 'False'
[0.918s] Level 5:colcon.colcon_core.verb:set package 'car' build argument 'cmake_clean_first' from command line to 'False'
[0.919s] Level 5:colcon.colcon_core.verb:set package 'car' build argument 'cmake_force_configure' from command line to 'False'
[0.919s] Level 5:colcon.colcon_core.verb:set package 'car' build argument 'ament_cmake_args' from command line to 'None'
[0.919s] Level 5:colcon.colcon_core.verb:set package 'car' build argument 'catkin_cmake_args' from command line to 'None'
[0.919s] Level 5:colcon.colcon_core.verb:set package 'car' build argument 'catkin_skip_building_tests' from command line to 'False'
[0.919s] DEBUG:colcon.colcon_core.verb:Building package 'car' with the following arguments: {'ament_cmake_args': None, 'build_base': '/mnt/c/Users/luism/Documents/Ubuntu/car/workspace/build/car', 'catkin_cmake_args': None, 'catkin_skip_building_tests': False, 'cmake_args': None, 'cmake_clean_cache': False, 'cmake_clean_first': False, 'cmake_force_configure': False, 'cmake_target': None, 'cmake_target_skip_unavailable': False, 'install_base': '/mnt/c/Users/luism/Documents/Ubuntu/car/workspace/install/car', 'merge_install': False, 'path': '/mnt/c/Users/luism/Documents/Ubuntu/car/workspace/src/car', 'symlink_install': False, 'test_result_base': None}
[0.920s] Level 5:colcon.colcon_core.verb:set package 'car_cpp' build argument 'cmake_args' from command line to 'None'
[0.920s] Level 5:colcon.colcon_core.verb:set package 'car_cpp' build argument 'cmake_target' from command line to 'None'
[0.920s] Level 5:colcon.colcon_core.verb:set package 'car_cpp' build argument 'cmake_target_skip_unavailable' from command line to 'False'
[0.920s] Level 5:colcon.colcon_core.verb:set package 'car_cpp' build argument 'cmake_clean_cache' from command line to 'False'
[0.920s] Level 5:colcon.colcon_core.verb:set package 'car_cpp' build argument 'cmake_clean_first' from command line to 'False'
[0.921s] Level 5:colcon.colcon_core.verb:set package 'car_cpp' build argument 'cmake_force_configure' from command line to 'False'
[0.921s] Level 5:colcon.colcon_core.verb:set package 'car_cpp' build argument 'ament_cmake_args' from command line to 'None'
[0.921s] Level 5:colcon.colcon_core.verb:set package 'car_cpp' build argument 'catkin_cmake_args' from command line to 'None'
[0.921s] Level 5:colcon.colcon_core.verb:set package 'car_cpp' build argument 'catkin_skip_building_tests' from command line to 'False'
[0.921s] DEBUG:colcon.colcon_core.verb:Building package 'car_cpp' with the following arguments: {'ament_cmake_args': None, 'build_base': '/mnt/c/Users/luism/Documents/Ubuntu/car/workspace/build/car_cpp', 'catkin_cmake_args': None, 'catkin_skip_building_tests': False, 'cmake_args': None, 'cmake_clean_cache': False, 'cmake_clean_first': False, 'cmake_force_configure': False, 'cmake_target': None, 'cmake_target_skip_unavailable': False, 'install_base': '/mnt/c/Users/luism/Documents/Ubuntu/car/workspace/install/car_cpp', 'merge_install': False, 'path': '/mnt/c/Users/luism/Documents/Ubuntu/car/workspace/src/car_cpp', 'symlink_install': False, 'test_result_base': None}
[0.922s] INFO:colcon.colcon_core.executor:Executing jobs using 'parallel' executor
[0.923s] DEBUG:colcon.colcon_parallel_executor.executor.parallel:run_until_complete
[0.923s] INFO:colcon.colcon_ros.task.ament_python.build:Building ROS package in '/mnt/c/Users/luism/Documents/Ubuntu/car/workspace/src/car' with build type 'ament_python'
[0.924s] Level 1:colcon.colcon_core.shell:create_environment_hook('car', 'ament_prefix_path')
[0.930s] INFO:colcon.colcon_core.plugin_system:Skipping extension 'colcon_core.shell.bat': Not used on non-Windows systems
[0.930s] INFO:colcon.colcon_core.shell:Creating environment hook '/mnt/c/Users/luism/Documents/Ubuntu/car/workspace/install/car/share/car/hook/ament_prefix_path.ps1'
[0.948s] INFO:colcon.colcon_core.shell:Creating environment descriptor '/mnt/c/Users/luism/Documents/Ubuntu/car/workspace/install/car/share/car/hook/ament_prefix_path.dsv'
[0.962s] INFO:colcon.colcon_core.shell:Creating environment hook '/mnt/c/Users/luism/Documents/Ubuntu/car/workspace/install/car/share/car/hook/ament_prefix_path.sh'
[0.978s] INFO:colcon.colcon_core.shell:Skip shell extension 'powershell' for command environment: Not usable outside of PowerShell
[0.979s] DEBUG:colcon.colcon_core.shell:Skip shell extension 'dsv' for command environment
[0.990s] INFO:colcon.colcon_ros.task.ament_cmake.build:Building ROS package in '/mnt/c/Users/luism/Documents/Ubuntu/car/workspace/src/car_cpp' with build type 'ament_cmake'
[0.990s] INFO:colcon.colcon_cmake.task.cmake.build:Building CMake package in '/mnt/c/Users/luism/Documents/Ubuntu/car/workspace/src/car_cpp'
[0.991s] INFO:colcon.colcon_core.shell:Skip shell extension 'powershell' for command environment: Not usable outside of PowerShell
[0.991s] DEBUG:colcon.colcon_core.shell:Skip shell extension 'dsv' for command environment
[1.328s] INFO:colcon.colcon_core.task.python.build:Building Python package in '/mnt/c/Users/luism/Documents/Ubuntu/car/workspace/src/car'
[1.329s] INFO:colcon.colcon_core.shell:Skip shell extension 'powershell' for command environment: Not usable outside of PowerShell
[1.329s] DEBUG:colcon.colcon_core.shell:Skip shell extension 'dsv' for command environment
[1.366s] DEBUG:colcon.colcon_core.event_handler.log_command:Invoking command in '/mnt/c/Users/luism/Documents/Ubuntu/car/workspace/build/car_cpp': CMAKE_PREFIX_PATH=/opt/ros/humble /usr/bin/cmake /mnt/c/Users/luism/Documents/Ubuntu/car/workspace/src/car_cpp -DCMAKE_INSTALL_PREFIX=/mnt/c/Users/luism/Documents/Ubuntu/car/workspace/install/car_cpp
[2.679s] DEBUG:colcon.colcon_core.event_handler.log_command:Invoking command in '/mnt/c/Users/luism/Documents/Ubuntu/car/workspace/src/car': PYTHONPATH=/mnt/c/Users/luism/Documents/Ubuntu/car/workspace/build/car/prefix_override:/usr/lib/python3/dist-packages/colcon_core/task/python/colcon_distutils_commands:/mnt/c/Users/luism/Documents/Ubuntu/car/workspace/install/car/lib/python3.10/site-packages:${PYTHONPATH} /usr/bin/python3 -W ignore:setup.py install is deprecated setup.py egg_info --egg-base ../../build/car build --build-base /mnt/c/Users/luism/Documents/Ubuntu/car/workspace/build/car/build install --record /mnt/c/Users/luism/Documents/Ubuntu/car/workspace/build/car/install.log --install-scripts $base/lib/car --single-version-externally-managed install_data
[4.746s] DEBUG:colcon.colcon_core.event_handler.log_command:Invoked command in '/mnt/c/Users/luism/Documents/Ubuntu/car/workspace/src/car' returned '0': PYTHONPATH=/mnt/c/Users/luism/Documents/Ubuntu/car/workspace/build/car/prefix_override:/usr/lib/python3/dist-packages/colcon_core/task/python/colcon_distutils_commands:/mnt/c/Users/luism/Documents/Ubuntu/car/workspace/install/car/lib/python3.10/site-packages:${PYTHONPATH} /usr/bin/python3 -W ignore:setup.py install is deprecated setup.py egg_info --egg-base ../../build/car build --build-base /mnt/c/Users/luism/Documents/Ubuntu/car/workspace/build/car/build install --record /mnt/c/Users/luism/Documents/Ubuntu/car/workspace/build/car/install.log --install-scripts $base/lib/car --single-version-externally-managed install_data
[4.752s] Level 1:colcon.colcon_core.environment:checking '/mnt/c/Users/luism/Documents/Ubuntu/car/workspace/install/car' for CMake module files
[4.805s] Level 1:colcon.colcon_core.environment:checking '/mnt/c/Users/luism/Documents/Ubuntu/car/workspace/install/car' for CMake config files
[4.905s] Level 1:colcon.colcon_core.environment:checking '/mnt/c/Users/luism/Documents/Ubuntu/car/workspace/install/car/lib'
[4.911s] Level 1:colcon.colcon_core.environment:checking '/mnt/c/Users/luism/Documents/Ubuntu/car/workspace/install/car/bin'
[4.913s] Level 1:colcon.colcon_core.environment:checking '/mnt/c/Users/luism/Documents/Ubuntu/car/workspace/install/car/lib/pkgconfig/car.pc'
[4.915s] Level 1:colcon.colcon_core.environment:checking '/mnt/c/Users/luism/Documents/Ubuntu/car/workspace/install/car/lib/python3.10/site-packages'
[4.917s] Level 1:colcon.colcon_core.shell:create_environment_hook('car', 'pythonpath')
[4.918s] INFO:colcon.colcon_core.shell:Creating environment hook '/mnt/c/Users/luism/Documents/Ubuntu/car/workspace/install/car/share/car/hook/pythonpath.ps1'
[4.932s] INFO:colcon.colcon_core.shell:Creating environment descriptor '/mnt/c/Users/luism/Documents/Ubuntu/car/workspace/install/car/share/car/hook/pythonpath.dsv'
[4.948s] INFO:colcon.colcon_core.shell:Creating environment hook '/mnt/c/Users/luism/Documents/Ubuntu/car/workspace/install/car/share/car/hook/pythonpath.sh'
[4.967s] Level 1:colcon.colcon_core.environment:checking '/mnt/c/Users/luism/Documents/Ubuntu/car/workspace/install/car/bin'
[4.969s] Level 1:colcon.colcon_core.environment:create_environment_scripts_only(car)
[4.970s] INFO:colcon.colcon_core.shell:Creating package script '/mnt/c/Users/luism/Documents/Ubuntu/car/workspace/install/car/share/car/package.ps1'
[4.985s] INFO:colcon.colcon_core.shell:Creating package descriptor '/mnt/c/Users/luism/Documents/Ubuntu/car/workspace/install/car/share/car/package.dsv'
[5.001s] INFO:colcon.colcon_core.shell:Creating package script '/mnt/c/Users/luism/Documents/Ubuntu/car/workspace/install/car/share/car/package.sh'
[5.015s] INFO:colcon.colcon_core.shell:Creating package script '/mnt/c/Users/luism/Documents/Ubuntu/car/workspace/install/car/share/car/package.bash'
[5.031s] INFO:colcon.colcon_core.shell:Creating package script '/mnt/c/Users/luism/Documents/Ubuntu/car/workspace/install/car/share/car/package.zsh'
[5.045s] Level 1:colcon.colcon_core.environment:create_file_with_runtime_dependencies(/mnt/c/Users/luism/Documents/Ubuntu/car/workspace/install/car/share/colcon-core/packages/car)
[12.942s] DEBUG:colcon.colcon_core.event_handler.log_command:Invoked command in '/mnt/c/Users/luism/Documents/Ubuntu/car/workspace/build/car_cpp' returned '0': CMAKE_PREFIX_PATH=/opt/ros/humble /usr/bin/cmake /mnt/c/Users/luism/Documents/Ubuntu/car/workspace/src/car_cpp -DCMAKE_INSTALL_PREFIX=/mnt/c/Users/luism/Documents/Ubuntu/car/workspace/install/car_cpp
[12.951s] DEBUG:colcon.colcon_core.event_handler.log_command:Invoking command in '/mnt/c/Users/luism/Documents/Ubuntu/car/workspace/build/car_cpp': CMAKE_PREFIX_PATH=/opt/ros/humble /usr/bin/cmake --build /mnt/c/Users/luism/Documents/Ubuntu/car/workspace/build/car_cpp -- -j12 -l12
[13.134s] DEBUG:colcon.colcon_core.event_handler.log_command:Invoked command in '/mnt/c/Users/luism/Documents/Ubuntu/car/workspace/build/car_cpp' returned '2': CMAKE_PREFIX_PATH=/opt/ros/humble /usr/bin/cmake --build /mnt/c/Users/luism/Documents/Ubuntu/car/workspace/build/car_cpp -- -j12 -l12
[13.166s] Level 1:colcon.colcon_core.environment:create_environment_scripts_only(car_cpp)
[13.166s] Level 1:colcon.colcon_core.environment:checking '/mnt/c/Users/luism/Documents/Ubuntu/car/workspace/install/car_cpp' for CMake module files
[13.178s] Level 1:colcon.colcon_core.environment:checking '/mnt/c/Users/luism/Documents/Ubuntu/car/workspace/install/car_cpp' for CMake config files
[13.180s] Level 1:colcon.colcon_core.environment:checking '/mnt/c/Users/luism/Documents/Ubuntu/car/workspace/install/car_cpp/bin'
[13.181s] Level 1:colcon.colcon_core.environment:checking '/mnt/c/Users/luism/Documents/Ubuntu/car/workspace/install/car_cpp/lib/pkgconfig/car_cpp.pc'
[13.182s] Level 1:colcon.colcon_core.environment:checking '/mnt/c/Users/luism/Documents/Ubuntu/car/workspace/install/car_cpp/lib/python3.10/site-packages'
[13.183s] Level 1:colcon.colcon_core.environment:checking '/mnt/c/Users/luism/Documents/Ubuntu/car/workspace/install/car_cpp/bin'
[13.184s] INFO:colcon.colcon_core.shell:Creating package script '/mnt/c/Users/luism/Documents/Ubuntu/car/workspace/install/car_cpp/share/car_cpp/package.ps1'
[13.195s] INFO:colcon.colcon_core.shell:Creating package descriptor '/mnt/c/Users/luism/Documents/Ubuntu/car/workspace/install/car_cpp/share/car_cpp/package.dsv'
[13.209s] INFO:colcon.colcon_core.shell:Creating package script '/mnt/c/Users/luism/Documents/Ubuntu/car/workspace/install/car_cpp/share/car_cpp/package.sh'
[13.224s] INFO:colcon.colcon_core.shell:Creating package script '/mnt/c/Users/luism/Documents/Ubuntu/car/workspace/install/car_cpp/share/car_cpp/package.bash'
[13.238s] INFO:colcon.colcon_core.shell:Creating package script '/mnt/c/Users/luism/Documents/Ubuntu/car/workspace/install/car_cpp/share/car_cpp/package.zsh'
[13.249s] Level 1:colcon.colcon_core.environment:create_file_with_runtime_dependencies(/mnt/c/Users/luism/Documents/Ubuntu/car/workspace/install/car_cpp/share/colcon-core/packages/car_cpp)
[13.271s] DEBUG:colcon.colcon_parallel_executor.executor.parallel:closing loop
[13.272s] DEBUG:colcon.colcon_parallel_executor.executor.parallel:loop closed
[13.272s] DEBUG:colcon.colcon_parallel_executor.executor.parallel:run_until_complete finished with '2'
[13.273s] DEBUG:colcon.colcon_core.event_reactor:joining thread
[13.295s] INFO:colcon.colcon_core.plugin_system:Skipping extension 'colcon_notification.desktop_notification.terminal_notifier': Not used on non-Darwin systems
[13.295s] INFO:colcon.colcon_core.plugin_system:Skipping extension 'colcon_notification.desktop_notification.win32': Not used on non-Windows systems
[13.296s] INFO:colcon.colcon_notification.desktop_notification:Sending desktop notification using 'notify2'
[13.509s] DEBUG:colcon.colcon_core.event_reactor:joined thread
[13.510s] INFO:colcon.colcon_core.shell:Creating prefix script '/mnt/c/Users/luism/Documents/Ubuntu/car/workspace/install/local_setup.ps1'
[13.517s] INFO:colcon.colcon_core.shell:Creating prefix util module '/mnt/c/Users/luism/Documents/Ubuntu/car/workspace/install/_local_setup_util_ps1.py'
[13.525s] INFO:colcon.colcon_core.shell:Creating prefix chain script '/mnt/c/Users/luism/Documents/Ubuntu/car/workspace/install/setup.ps1'
[13.531s] INFO:colcon.colcon_core.shell:Creating prefix script '/mnt/c/Users/luism/Documents/Ubuntu/car/workspace/install/local_setup.sh'
[13.538s] INFO:colcon.colcon_core.shell:Creating prefix util module '/mnt/c/Users/luism/Documents/Ubuntu/car/workspace/install/_local_setup_util_sh.py'
[13.546s] INFO:colcon.colcon_core.shell:Creating prefix chain script '/mnt/c/Users/luism/Documents/Ubuntu/car/workspace/install/setup.sh'
[13.554s] INFO:colcon.colcon_core.shell:Creating prefix script '/mnt/c/Users/luism/Documents/Ubuntu/car/workspace/install/local_setup.bash'
[13.563s] INFO:colcon.colcon_core.shell:Creating prefix chain script '/mnt/c/Users/luism/Documents/Ubuntu/car/workspace/install/setup.bash'
[13.572s] INFO:colcon.colcon_core.shell:Creating prefix script '/mnt/c/Users/luism/Documents/Ubuntu/car/workspace/install/local_setup.zsh'
[13.581s] INFO:colcon.colcon_core.shell:Creating prefix chain script '/mnt/c/Users/luism/Documents/Ubuntu/car/workspace/install/setup.zsh'
