/mnt/c/Users/luism/Documents/Ubuntu/car/workspace/install/car/lib/python3.10/site-packages/car/__init__.py
/mnt/c/Users/luism/Documents/Ubuntu/car/workspace/install/car/lib/python3.10/site-packages/car/__pycache__/__init__.cpython-310.pyc
/mnt/c/Users/luism/Documents/Ubuntu/car/workspace/install/car/share/ament_index/resource_index/packages/car
/mnt/c/Users/luism/Documents/Ubuntu/car/workspace/install/car/share/car/package.xml
/mnt/c/Users/luism/Documents/Ubuntu/car/workspace/install/car/share/car/launch/display.launch.py
/mnt/c/Users/luism/Documents/Ubuntu/car/workspace/install/car/share/car/launch/gazebo.launch.py
/mnt/c/Users/luism/Documents/Ubuntu/car/workspace/install/car/share/car/launch/gazebo_alone.launch.py
/mnt/c/Users/luism/Documents/Ubuntu/car/workspace/install/car/share/car/launch/gazebo_mountain.launch.py
/mnt/c/Users/luism/Documents/Ubuntu/car/workspace/install/car/share/car/urdf/camera.plugin.xacro
/mnt/c/Users/luism/Documents/Ubuntu/car/workspace/install/car/share/car/urdf/car.gazebo
/mnt/c/Users/luism/Documents/Ubuntu/car/workspace/install/car/share/car/urdf/car.plugin.xacro
/mnt/c/Users/luism/Documents/Ubuntu/car/workspace/install/car/share/car/urdf/car.trans
/mnt/c/Users/luism/Documents/Ubuntu/car/workspace/install/car/share/car/urdf/car.xacro
/mnt/c/Users/luism/Documents/Ubuntu/car/workspace/install/car/share/car/urdf/depth.plugin.xacro
/mnt/c/Users/luism/Documents/Ubuntu/car/workspace/install/car/share/car/urdf/materials.xacro
/mnt/c/Users/luism/Documents/Ubuntu/car/workspace/install/car/share/car/meshes/base_link.stl
/mnt/c/Users/luism/Documents/Ubuntu/car/workspace/install/car/share/car/meshes/Camara_back_1.stl
/mnt/c/Users/luism/Documents/Ubuntu/car/workspace/install/car/share/car/meshes/Camara_front_1.stl
/mnt/c/Users/luism/Documents/Ubuntu/car/workspace/install/car/share/car/meshes/Camara_left_1.stl
/mnt/c/Users/luism/Documents/Ubuntu/car/workspace/install/car/share/car/meshes/Camara_right_1.stl
/mnt/c/Users/luism/Documents/Ubuntu/car/workspace/install/car/share/car/meshes/Laser_1.stl
/mnt/c/Users/luism/Documents/Ubuntu/car/workspace/install/car/share/car/meshes/Wheel_back_left_1.stl
/mnt/c/Users/luism/Documents/Ubuntu/car/workspace/install/car/share/car/meshes/Wheel_back_right_1.stl
/mnt/c/Users/luism/Documents/Ubuntu/car/workspace/install/car/share/car/meshes/Wheel_front_left_1.stl
/mnt/c/Users/luism/Documents/Ubuntu/car/workspace/install/car/share/car/meshes/Wheel_front_right_1.stl
/mnt/c/Users/luism/Documents/Ubuntu/car/workspace/install/car/share/car/config/display.rviz
/mnt/c/Users/luism/Documents/Ubuntu/car/workspace/install/car/lib/car
/mnt/c/Users/luism/Documents/Ubuntu/car/workspace/install/car/lib/python3.10/site-packages/car-0.0.0-py3.10.egg-info/dependency_links.txt
/mnt/c/Users/luism/Documents/Ubuntu/car/workspace/install/car/lib/python3.10/site-packages/car-0.0.0-py3.10.egg-info/entry_points.txt
/mnt/c/Users/luism/Documents/Ubuntu/car/workspace/install/car/lib/python3.10/site-packages/car-0.0.0-py3.10.egg-info/PKG-INFO
/mnt/c/Users/luism/Documents/Ubuntu/car/workspace/install/car/lib/python3.10/site-packages/car-0.0.0-py3.10.egg-info/requires.txt
/mnt/c/Users/luism/Documents/Ubuntu/car/workspace/install/car/lib/python3.10/site-packages/car-0.0.0-py3.10.egg-info/SOURCES.txt
/mnt/c/Users/luism/Documents/Ubuntu/car/workspace/install/car/lib/python3.10/site-packages/car-0.0.0-py3.10.egg-info/top_level.txt
/mnt/c/Users/luism/Documents/Ubuntu/car/workspace/install/car/lib/python3.10/site-packages/car-0.0.0-py3.10.egg-info/zip-safe
/mnt/c/Users/luism/Documents/Ubuntu/car/workspace/install/car/lib/car/keyboard
